\BOOKMARK [0][-]{chapter.1}{Introduction}{}% 1
\BOOKMARK [0][-]{chapter.2}{Related Works}{}% 2
\BOOKMARK [1][-]{section.2.1}{Social Robotics}{chapter.2}% 3
\BOOKMARK [2][-]{subsection.2.1.1}{Human Robot Interaction \(HRI\)}{section.2.1}% 4
\BOOKMARK [1][-]{section.2.2}{Some Examples}{chapter.2}% 5
\BOOKMARK [2][-]{subsection.2.2.1}{Industrial Cases \(No HRI\)}{section.2.2}% 6
\BOOKMARK [2][-]{subsection.2.2.2}{Almost Social Cases \(HRI Not Mandatory\)}{section.2.2}% 7
\BOOKMARK [2][-]{subsection.2.2.3}{Strictly Social Cases \(HRI Mandatory\)}{section.2.2}% 8
\BOOKMARK [0][-]{chapter.3}{Plan Representation}{}% 9
\BOOKMARK [1][-]{section.3.1}{Formalisms}{chapter.3}% 10
\BOOKMARK [2][-]{subsection.3.1.1}{STRIPS \(Classical Planning\)}{section.3.1}% 11
\BOOKMARK [2][-]{subsection.3.1.2}{PDDL}{section.3.1}% 12
\BOOKMARK [2][-]{subsection.3.1.3}{ALCKNF}{section.3.1}% 13
\BOOKMARK [2][-]{subsection.3.1.4}{KPDDL}{section.3.1}% 14
\BOOKMARK [2][-]{subsection.3.1.5}{Answer Set Programming \(ASP\)}{section.3.1}% 15
\BOOKMARK [2][-]{subsection.3.1.6}{Situation Calculus}{section.3.1}% 16
\BOOKMARK [2][-]{subsection.3.1.7}{Markov Decision Process \(MDP\)}{section.3.1}% 17
\BOOKMARK [2][-]{subsection.3.1.8}{Partially Observable MDP \(POMDP\)}{section.3.1}% 18
\BOOKMARK [2][-]{subsection.3.1.9}{Analysis of Formalisms}{section.3.1}% 19
\BOOKMARK [0][-]{chapter.4}{Conditional Planning and Execution}{}% 20
\BOOKMARK [1][-]{section.4.1}{Motivating Example: COACHES}{chapter.4}% 21
\BOOKMARK [0][-]{chapter.5}{Foundation Tools}{}% 22
\BOOKMARK [1][-]{section.5.1}{Petri Net Plan}{chapter.5}% 23
\BOOKMARK [2][-]{subsection.5.1.1}{Formal Definition}{section.5.1}% 24
\BOOKMARK [1][-]{section.5.2}{PNPgen}{chapter.5}% 25
\BOOKMARK [2][-]{subsection.5.2.1}{Linear Plans}{section.5.2}% 26
\BOOKMARK [2][-]{subsection.5.2.2}{Policy}{section.5.2}% 27
\BOOKMARK [2][-]{subsection.5.2.3}{Execution Rules}{section.5.2}% 28
\BOOKMARK [1][-]{section.5.3}{Robot Operating System \(ROS\)}{chapter.5}% 29
\BOOKMARK [1][-]{section.5.4}{ROSPlan}{chapter.5}% 30
\BOOKMARK [0][-]{chapter.6}{System Overview}{}% 31
\BOOKMARK [1][-]{section.6.1}{Conditional Plan Representation}{chapter.6}% 32
\BOOKMARK [1][-]{section.6.2}{Translator Module}{chapter.6}% 33
\BOOKMARK [2][-]{subsection.6.2.1}{PDDL Translator}{section.6.2}% 34
\BOOKMARK [2][-]{subsection.6.2.2}{KPDDL Translator}{section.6.2}% 35
\BOOKMARK [2][-]{subsection.6.2.3}{Digraph Translator}{section.6.2}% 36
\BOOKMARK [1][-]{section.6.3}{Generator Module}{chapter.6}% 37
\BOOKMARK [2][-]{subsection.6.3.1}{PNPgen: A Conditional Planning Extension}{section.6.3}% 38
\BOOKMARK [2][-]{subsection.6.3.2}{ROSPlan and PNPgen}{section.6.3}% 39
\BOOKMARK [2][-]{subsection.6.3.3}{the Generation Algorithm}{section.6.3}% 40
\BOOKMARK [0][-]{chapter.7}{Conclusion}{}% 41
\BOOKMARK [1][-]{section.7.1}{Future Development}{chapter.7}% 42
